<?xml version="1.0" encoding="UTF-8"?>
<testsuites>
  <testsuite id="0" name="C:\VCM\TEMAS ORANGE\CI_CD\apigee-poc-proxy-custormerview\test\unit\test.js" errors="0" package="C:\VCM\TEMAS ORANGE\CI_CD\apigee-poc-proxy-custormerview\test\unit\test.js" hostname="localhost" tests="0" failures="0" time="0" timestamp="1970-01-01T00:00:00">
    <properties>
    </properties>
    <system-out/>
    <system-err/>
  </testsuite>
</testsuites>